<?xml version="1.0" encoding="UTF-8"?>
<testsuite name="Speed_batch.Speed_batch.AppTest" time="0" tests="1" errors="0" skipped="0" failures="0">
  <properties>
    <property name="java.runtime.name" value="Java(TM) SE Runtime Environment"/>
    <property name="sun.boot.library.path" value="C:\pleiades-e4.4-java-jre_20140926\pleiades\eclipse\jre\bin"/>
    <property name="java.vm.version" value="25.20-b23"/>
    <property name="java.vm.vendor" value="Oracle Corporation"/>
    <property name="maven.multiModuleProjectDirectory" value="C:\pleiades-e4.4-java-jre_20140926\pleiades\workspace\Speed_batch"/>
    <property name="java.vendor.url" value="http://java.oracle.com/"/>
    <property name="path.separator" value=";"/>
    <property name="guice.disable.misplaced.annotation.check" value="true"/>
    <property name="java.vm.name" value="Java HotSpot(TM) 64-Bit Server VM"/>
    <property name="file.encoding.pkg" value="sun.io"/>
    <property name="user.script" value=""/>
    <property name="user.country" value="JP"/>
    <property name="sun.java.launcher" value="SUN_STANDARD"/>
    <property name="sun.os.patch.level" value=""/>
    <property name="java.vm.specification.name" value="Java Virtual Machine Specification"/>
    <property name="user.dir" value="C:\pleiades-e4.4-java-jre_20140926\pleiades\workspace\Speed_batch"/>
    <property name="java.runtime.version" value="1.8.0_20-b26"/>
    <property name="java.awt.graphicsenv" value="sun.awt.Win32GraphicsEnvironment"/>
    <property name="java.endorsed.dirs" value="C:\pleiades-e4.4-java-jre_20140926\pleiades\eclipse\jre\lib\endorsed"/>
    <property name="os.arch" value="amd64"/>
    <property name="java.io.tmpdir" value="C:\Users\SANINS~1.INS\AppData\Local\Temp\"/>
    <property name="line.separator" value="&#10;"/>
    <property name="java.vm.specification.vendor" value="Oracle Corporation"/>
    <property name="user.variant" value=""/>
    <property name="os.name" value="Windows 8"/>
    <property name="classworlds.conf" value="C:\pleiades-e4.4-java-jre_20140926\pleiades\workspace\.metadata\.plugins\org.eclipse.m2e.launching\launches\m2conf7772402518999280457.tmp"/>
    <property name="sun.jnu.encoding" value="MS932"/>
    <property name="java.library.path" value="C:\pleiades-e4.4-java-jre_20140926\pleiades\eclipse\jre\bin;C:\Windows\Sun\Java\bin;C:\Windows\system32;C:\Windows;C:/pleiades-e4.4-java-jre_20140926/pleiades/eclipse/jre/bin/server;C:/pleiades-e4.4-java-jre_20140926/pleiades/eclipse/jre/bin;C:/pleiades-e4.4-java-jre_20140926/pleiades/eclipse/jre/lib/amd64;C:\Program Files\Broadcom\Broadcom 802.11 Network Adapter;C:\Program Files (x86)\Intel\iCLS Client\;C:\Program Files\Intel\iCLS Client\;C:\Windows\system32;C:\Windows;C:\Windows\System32\Wbem;C:\Windows\System32\WindowsPowerShell\v1.0\;C:\Program Files\WIDCOMM\Bluetooth Software\;C:\Program Files\WIDCOMM\Bluetooth Software\syswow64;C:\Program Files (x86)\Intel\OpenCL SDK\3.0\bin\x86;C:\Program Files (x86)\Intel\OpenCL SDK\3.0\bin\x64;C:\Program Files\Intel\Intel(R) Management Engine Components\DAL;C:\Program Files\Intel\Intel(R) Management Engine Components\IPT;C:\Program Files (x86)\Intel\Intel(R) Management Engine Components\DAL;C:\Program Files (x86)\Intel\Intel(R) Management Engine Components\IPT;C:\Program Files (x86)\Sony\VAIO BIOS Data Transfer Utility\;C:\Program Files (x86)\Sony\VAIO Startup Setting Tool;C:\MySQL\MySQL Server 5.6\bin;C:\MySQL\Connector J 5.1.26\mysql-connector-java-5.1.26-bin.jar;C:\GRADLE_HOME\bin;%ANDROID_HOME%\tools;C:\TortoiseSVN\bin;C:\Git\cmd;C:\TortoiseGit\bin;C:\Users\sanins.inshink\AppData\Local\Android\Sdk\platform-tools;C:\Program Files\nodejs\;C:\Program Files\Java\jdk1.8.0_91\bin;C:\Users\sanins.inshink\AppData\Roaming\npm;C:\pleiades-e4.4-java-jre_20140926\pleiades\eclipse;;."/>
    <property name="java.specification.name" value="Java Platform API Specification"/>
    <property name="java.class.version" value="52.0"/>
    <property name="sun.management.compiler" value="HotSpot 64-Bit Tiered Compilers"/>
    <property name="os.version" value="6.2"/>
    <property name="user.home" value="C:\Users\sanins.inshink"/>
    <property name="user.timezone" value="Asia/Tokyo"/>
    <property name="java.awt.printerjob" value="sun.awt.windows.WPrinterJob"/>
    <property name="java.specification.version" value="1.8"/>
    <property name="file.encoding" value="UTF-8"/>
    <property name="user.name" value="sanins.inshink"/>
    <property name="java.class.path" value="/C:/pleiades-e4.4-java-jre_20140926/pleiades/eclipse/plugins/org.eclipse.m2e.maven.runtime_1.6.2.20150902-0001/jars/plexus-classworlds-2.5.2.jar"/>
    <property name="java.vm.specification.version" value="1.8"/>
    <property name="sun.arch.data.model" value="64"/>
    <property name="java.home" value="C:\pleiades-e4.4-java-jre_20140926\pleiades\eclipse\jre"/>
    <property name="sun.java.command" value="org.codehaus.plexus.classworlds.launcher.Launcher -P1111 -B install"/>
    <property name="java.specification.vendor" value="Oracle Corporation"/>
    <property name="user.language" value="ja"/>
    <property name="awt.toolkit" value="sun.awt.windows.WToolkit"/>
    <property name="java.vm.info" value="mixed mode"/>
    <property name="java.version" value="1.8.0_20"/>
    <property name="java.ext.dirs" value="C:\pleiades-e4.4-java-jre_20140926\pleiades\eclipse\jre\lib\ext;C:\Windows\Sun\Java\lib\ext"/>
    <property name="sun.boot.class.path" value="C:\pleiades-e4.4-java-jre_20140926\pleiades\eclipse\jre\lib\resources.jar;C:\pleiades-e4.4-java-jre_20140926\pleiades\eclipse\jre\lib\rt.jar;C:\pleiades-e4.4-java-jre_20140926\pleiades\eclipse\jre\lib\sunrsasign.jar;C:\pleiades-e4.4-java-jre_20140926\pleiades\eclipse\jre\lib\jsse.jar;C:\pleiades-e4.4-java-jre_20140926\pleiades\eclipse\jre\lib\jce.jar;C:\pleiades-e4.4-java-jre_20140926\pleiades\eclipse\jre\lib\charsets.jar;C:\pleiades-e4.4-java-jre_20140926\pleiades\eclipse\jre\lib\jfr.jar;C:\pleiades-e4.4-java-jre_20140926\pleiades\eclipse\jre\classes"/>
    <property name="java.vendor" value="Oracle Corporation"/>
    <property name="maven.home" value="C:\pleiades-e4.4-java-jre_20140926\pleiades\workspace\Speed_batch\EMBEDDED"/>
    <property name="file.separator" value="\"/>
    <property name="java.vendor.url.bug" value="http://bugreport.sun.com/bugreport/"/>
    <property name="sun.cpu.endian" value="little"/>
    <property name="sun.io.unicode.encoding" value="UnicodeLittle"/>
    <property name="sun.desktop" value="windows"/>
    <property name="sun.cpu.isalist" value="amd64"/>
  </properties>
  <testcase name="testApp" classname="Speed_batch.Speed_batch.AppTest" time="0"/>
</testsuite>